{"level":"info","msg":"GET localhost:3000/api/v1/getusers HTTP/1.1 \n","time":"2020-10-26T16:49:30+07:00"}
{"level":"info","msg":"GET localhost:3000/api/v1/getusers HTTP/1.1 \n","time":"2020-10-26T16:53:49+07:00"}
{"level":"info","msg":"GET localhost:3000/api/v1/get_user/2 HTTP/1.1 \n","time":"2020-10-26T17:00:03+07:00"}
{"level":"info","msg":"GET localhost:3000/api/v1/get_user/2 HTTP/1.1 \n","time":"2020-10-26T17:01:06+07:00"}
{"level":"info","msg":"GET localhost:3000/api/v1/get_user/2 HTTP/1.1 \n","time":"2020-10-26T17:01:47+07:00"}
{"level":"info","msg":"GET localhost:3000/api/v1/get_user/2 HTTP/1.1 \n","time":"2020-10-26T17:02:15+07:00"}
{"level":"info","msg":"GET localhost:3000/api/v1/get_user/2 HTTP/1.1 \n","time":"2020-10-26T17:02:58+07:00"}
{"level":"info","msg":"GET localhost:3000/api/v1/get_user/2 HTTP/1.1 \n","time":"2020-10-26T17:03:26+07:00"}
{"level":"info","msg":"GET localhost:3000/api/v1/get_user/2 HTTP/1.1 \n","time":"2020-10-26T17:04:00+07:00"}
{"level":"info","msg":"GET localhost:3000/api/v1/get_user/2 HTTP/1.1 \n","time":"2020-10-26T17:04:43+07:00"}
{"level":"info","msg":"GET localhost:3000/api/v1/get_user/2 HTTP/1.1 \n","time":"2020-10-26T17:05:49+07:00"}
{"level":"info","msg":"GET localhost:3000/api/v1/get_user/2 HTTP/1.1 \n","time":"2020-10-26T17:06:24+07:00"}
{"level":"info","msg":"GET localhost:3000/api/v1/get_user/2 HTTP/1.1 \n","time":"2020-10-26T17:11:41+07:00"}
{"level":"info","msg":"GET localhost:3000/api/v1/get_user/2 HTTP/1.1 \n","time":"2020-10-26T17:12:59+07:00"}
{"level":"info","msg":"GET localhost:3000/api/v1/get_user/2 HTTP/1.1 \n","time":"2020-10-26T17:15:39+07:00"}
{"level":"info","msg":"GET localhost:3000/api/v1/get_user/2 HTTP/1.1 \n","time":"2020-10-26T17:16:08+07:00"}
{"level":"info","msg":"GET localhost:3000/api/v1/get_user/2 HTTP/1.1 \n","time":"2020-10-26T17:16:46+07:00"}
{"level":"info","msg":"GET localhost:3000/api/v1/get_user/2 HTTP/1.1 \n","time":"2020-10-26T17:17:06+07:00"}
{"level":"info","msg":"GET localhost:3000/api/v1/get_user/2 HTTP/1.1 \n","time":"2020-10-26T17:17:42+07:00"}
{"level":"info","msg":"GET localhost:3000/api/v1/get_user/2 HTTP/1.1 \n","time":"2020-10-26T17:18:16+07:00"}
{"level":"info","msg":"GET localhost:3000/api/v1/get_user/1 HTTP/1.1 \n","time":"2020-10-26T17:18:21+07:00"}
{"level":"info","msg":"GET localhost:3000/api/v1/get_user/1 HTTP/1.1 \n","time":"2020-10-26T17:18:38+07:00"}
{"level":"info","msg":"GET localhost:3000/api/v1/get_user/1 HTTP/1.1 \n","time":"2020-10-26T17:18:50+07:00"}
{"level":"info","msg":"GET localhost:3000/api/v1/get_user/1 HTTP/1.1 \n","time":"2020-10-26T17:19:23+07:00"}
{"level":"info","msg":"GET localhost:3000/api/v1/get_user/1 HTTP/1.1 \n","time":"2020-10-26T17:20:07+07:00"}
{"level":"info","msg":"GET localhost:3000/api/v1/get_user/1 HTTP/1.1 \n","time":"2020-10-26T17:24:30+07:00"}
{"level":"info","msg":"GET localhost:3000/api/v1/get_user/1 HTTP/1.1 \n","time":"2020-10-26T17:24:50+07:00"}
{"level":"info","msg":"GET localhost:3000/api/v1/get_user/1 HTTP/1.1 \n","time":"2020-10-26T17:25:16+07:00"}
{"level":"info","msg":"POST localhost:3000/api/v1/create_user HTTP/1.1 \n","time":"2020-10-26T17:33:17+07:00"}
{"level":"info","msg":"POST localhost:3000/api/v1/create_user HTTP/1.1 \n","time":"2020-10-26T17:34:54+07:00"}
{"level":"info","msg":"POST localhost:3000/api/v1/create_user HTTP/1.1 \n","time":"2020-10-26T17:37:07+07:00"}
{"level":"info","msg":"POST localhost:3000/api/v1/create_user HTTP/1.1 \n","time":"2020-10-26T17:38:02+07:00"}
{"level":"info","msg":"POST localhost:3000/api/v1/create_user HTTP/1.1 \n","time":"2020-10-26T17:39:01+07:00"}
{"level":"info","msg":"PUT localhost:3000/api/v1/update_user/4 HTTP/1.1 \n","time":"2020-10-26T17:47:04+07:00"}
{"level":"info","msg":"PUT localhost:3000/api/v1/update_user/4 HTTP/1.1 \n","time":"2020-10-26T17:47:44+07:00"}
{"level":"info","msg":"PUT localhost:3000/api/v1/update_user/4 HTTP/1.1 \n","time":"2020-10-26T17:48:11+07:00"}
{"level":"info","msg":"DELETE localhost:3000/api/v1/delete_user/4 HTTP/1.1 \n","time":"2020-10-26T17:50:02+07:00"}
{"level":"info","msg":"DELETE localhost:3000/api/v1/delete_user/4 HTTP/1.1 \n","time":"2020-10-26T17:50:15+07:00"}
